2025-01-10 09:56:30,237 - Program started with run ID: 4e49882c-75bf-4b6b-a00f-51e68f4cd851
2025-01-10 09:57:25,008 - Program started with run ID: 738cc6af-dae8-44f3-a45f-a1dd26c8d969
2025-01-10 09:58:42,249 - Program started with run ID: 8005b2f0-0dde-4ba0-b882-c9968ccee455
2025-01-10 10:00:38,830 - Program started with run ID: 2b103bd5-e55f-40d2-8f15-5cbece687612
2025-01-10 10:00:50,028 - Run: 2b103bd5-e55f-40d2-8f15-5cbece687612 Time: <class 'datetime.datetime'> Chromatograms m/z cut for values: [9.0, 0.0, 203.0, 230.0]. New shape: (5157, 2)
2025-01-10 10:02:44,451 - Program started with run ID: e785dc59-f02c-4d4a-b9cc-5f50939f963d
2025-01-10 10:03:19,269 - Run: e785dc59-f02c-4d4a-b9cc-5f50939f963d Time: <class 'datetime.datetime'> Chromatograms m/z cut for values: [90.0, 204.0, 205.0, 206.0]. New shape: (5157, 4)
2025-01-10 10:04:17,442 - Run: e785dc59-f02c-4d4a-b9cc-5f50939f963d Time: <class 'datetime.datetime'> Chromatograms m/z cut for values: [120.0, 121.0, 122.0, 123.0, 124.0, 84.0, 160.0, 161.0, 162.0, 163.0, 164.0, 165.0, 166.0, 167.0, 168.0, 169.0, 170.0, 171.0, 172.0, 173.0, 174.0, 175.0, 176.0, 177.0, 178.0, 179.0, 180.0, 181.0, 182.0, 183.0, 184.0, 185.0, 186.0, 187.0, 188.0, 189.0]. New shape: (5157, 0)
2025-01-10 10:06:03,315 - Program started with run ID: 24b813c8-5e48-49ce-9e77-c6c60129327b
2025-01-10 10:06:36,649 - Run: 24b813c8-5e48-49ce-9e77-c6c60129327b Time: <class 'datetime.datetime'> Chromatograms m/z cut for values: [19.0, 85.0, 120.0, 121.0, 122.0, 123.0, 124.0, 125.0, 128.0]. New shape: (5157, 358)
2025-01-10 10:07:19,571 - Run: 24b813c8-5e48-49ce-9e77-c6c60129327b Time: <class 'datetime.datetime'> Chromatograms m/z cut for values: [90.0]. New shape: (5157, 357)
2025-01-13 13:24:38,434 - Program started with run ID: 48c22844-7a3e-466d-aa69-118672208bb0
2025-01-13 13:29:29,679 - Program started with run ID: 42da4be0-6d37-4f42-b9f3-fb2ff44c2480
2025-01-15 08:44:06,574 - Program started with run ID: 81a1ef29-f27c-4695-ab17-c238c39467a7
2025-01-15 08:45:19,341 - Run: 81a1ef29-f27c-4695-ab17-c238c39467a7 Chromatograms region cut from 19.89 to 20.01 minutes. Old shape: (5157, 366) New shape: (5130, 366)
2025-01-15 08:46:38,752 - Run: 81a1ef29-f27c-4695-ab17-c238c39467a7 Chromatograms region cut from 25.5 to 26.1 minutes. Old shape: (5130, 366) New shape: (4995, 366)
2025-01-15 08:48:00,814 - Run: 81a1ef29-f27c-4695-ab17-c238c39467a7 Chromatograms region cut from 0.0 to 5.5 minutes. Old shape: (4995, 366) New shape: (4902, 366)
2025-01-15 08:49:01,017 - Run: 81a1ef29-f27c-4695-ab17-c238c39467a7 Chromatograms region cut from 7.55 to 7.75 minutes. Old shape: (4902, 366) New shape: (4857, 366)
2025-01-15 14:05:06,414 - Run: 81a1ef29-f27c-4695-ab17-c238c39467a7 Chromatograms region cut from 19.57 to 19.69 minutes. Old shape: (4857, 366) New shape: (4830, 366)
2025-01-15 14:05:25,607 - Run: 81a1ef29-f27c-4695-ab17-c238c39467a7 Chromatograms region cut from 27.5 to 29.0 minutes. Old shape: (4830, 366) New shape: (4718, 366)
2025-01-15 20:13:21,172 - Program started with run ID: fc8f6036-e303-461a-8c33-4ef0170ae8e7
2025-01-15 20:13:55,367 - Program started with run ID: 461238c1-0c52-46c8-98f2-d4b29f8a7ac5
2025-01-15 20:15:33,958 - Program started with run ID: 6dadb6da-d9d3-436c-ad6e-557ec1975588
2025-01-15 20:18:02,385 - Program started with run ID: ef450d99-c355-46e3-b057-930cd44c3eef
2025-01-15 20:20:55,426 - Program started with run ID: 9f3c69cd-d539-499b-8bad-33d2507a3438
2025-01-15 20:22:53,410 - Program started with run ID: 9d766365-5cfa-4edf-a6c9-dd5350da900f
2025-01-15 20:25:50,133 - Program started with run ID: 61ccd45c-adf1-4ee5-890c-47152b9c5f6b

2025-01-16 08:24:40,130 - Program started with run ID: f370c857-9375-4ef8-b966-e07ffbefee7a
2025-01-16 19:30:22,413 - Program started with run ID: 29f31e90-b45a-4e5b-9063-18de07de5772
2025-01-16 19:36:48,837 - Program started with run ID: 15047e33-92c4-4814-b8ec-a0967539e68f
2025-01-16 19:39:29,920 - Program started with run ID: ae994c1a-a064-49c0-8061-53b8f13d377e
2025-01-16 19:45:18,783 - Program started with run ID: ca3bf52b-ccd1-44de-88ef-cbe98f077017
2025-01-16 19:48:22,628 - Program started with run ID: 36c48b94-113f-4140-94c0-cf2320892f2e
2025-01-16 19:49:59,536 - Program started with run ID: d62c2eee-1480-4a19-b9a4-049287c504d2
2025-01-16 19:51:24,113 - Program started with run ID: a7d7644e-b6a5-4d40-9cb8-614fd5b63c2d
2025-01-16 19:52:43,080 - Program started with run ID: 33aed8b5-6b32-465b-ba46-3ac561b4885e
2025-01-16 19:55:29,648 - Program started with run ID: a2b4220f-46f0-4a9a-aed1-834e524fdfda
2025-01-17 10:35:01,975 - Program started with run ID: c0692695-b648-412e-b72c-756eda9eb289
2025-01-20 14:00:39,714 - Program started with run ID: 26a5e87a-8fa3-40f9-84e2-fa0e1a68602c
2025-01-20 14:04:06,170 - Program started with run ID: 21177a6a-6272-4155-8e27-a0543ba87a27
2025-01-20 14:06:29,746 - Program started with run ID: c8f63821-f20c-445c-bbc8-a262508f15de
2025-01-20 14:18:49,323 - Program started with run ID: 8e66a503-05d3-482d-b6de-bd760a10c838
2025-01-20 14:18:58,408 - PCA analysis finished. Results: {'scores': {'001_A1_1_OOO': array([ 1.17830702e+08,  2.58800760e+07, -4.63303004e+07,  3.09519676e+06,
        1.96163351e+06]), '002_A1_2_SOO': array([-32825497.73168396, -18773515.9804605 ,  -7685156.75264876,
       -25852516.54283938,  20229327.90222603]), '005_A1_5_SGL': array([-30714709.6456209 ,  -8879054.91875858,  -1403849.8768642 ,
        12323807.31749928,   3407924.55431578]), '006_A1_6_SGL': array([-32300232.37698435, -13402140.09758219,  -3821784.00086185,
        -2044834.50195794,  -7355252.2651135 ]), '007_A1_0_FFF': array([-33475970.27221416, -20903325.48160376, -13660079.47972988,
       -12911087.74422312, -21151994.79829103]), '008_A1_1_OOO': array([ 1.40651543e+08, -2.97359916e+07,  3.74325083e+07, -2.76514428e+06,
       -1.67116405e+06]), '009_A1_2_SOO': array([-29213831.97688521,   1717316.30468958,   1897332.22245312,
         4866025.33570005,  -3742223.38781328]), '010_A1_3_SGO': array([-28353147.28565234,   1963565.2476231 ,   7708792.78734838,
        15107751.64353351,   9742567.437489  ]), '011_A1_4_SOL': array([-15113893.59498294,  73103943.63271193,  24787083.85927214,
       -10383160.17559366,  -3038416.16982303]), '012_A1_5_SGL': array([-29981084.79742056,  -8996822.72067104,   1379030.52670604,
        11087122.94585238,   2639911.9112368 ]), '013_A1_6_SGL': array([-26503876.94287042,  -1974050.43665534,   -303577.18491008,
         7476839.24321326,  -1022314.63933744])}, 'loadings': array([[-0.00126068, -0.00100696, -0.00079842, ...,  0.00050227,
         0.00050099,  0.00048524],
       [ 0.00361409,  0.00348875,  0.00345248, ..., -0.00833212,
        -0.0083964 , -0.00856061],
       [ 0.00220237,  0.00212725,  0.00206931, ...,  0.00068298,
         0.00082763,  0.00100533],
       [-0.01008956, -0.00755754, -0.00599983, ..., -0.02476853,
        -0.02438591, -0.02501367],
       [ 0.00304377,  0.00226324,  0.00163611, ...,  0.02323254,
         0.02306984,  0.0238971 ]]), 'explained_variance': array([0.72256986, 0.1404922 , 0.07847007, 0.02703841, 0.01844325])}
2025-01-20 14:22:24,039 - Program started with run ID: aa0eee7d-854c-4221-8349-b7f89fd94688
2025-01-20 14:22:34,916 - PCA analysis finished. Results: {'scores': {'004_A1_4_SOL': array([27548797.25107131, 43354590.11924633, 23410808.65871596,
       26435135.71158727, -4117120.52808702]), '009_A1_2_SOO': array([-3532165.16044155,  9307335.38285525, 23805328.56640689,
        7477112.65316193,  8299340.50874169]), '005_A1_5_SGL': array([-7530200.06545587,  4065963.62931727, 25734421.95653579,
       -4300349.16211237,  8902164.83085451]), '003_A1_3_SGO': array([-14692757.92069386,  -2197558.7919861 ,  10004731.44157399,
           65844.22578756,   7806304.63203187]), '002_A1_2_SOO': array([-15622376.10608563,  -3463191.51079927,   7477270.84749076,
         -452795.4962603 ,  27394157.07980394]), '007_A1_0_FFF': array([-21476748.09236274,  -7456388.0711744 ,  -3016245.35224935,
        -1907469.94061872,   2557317.22011012]), '011_A1_4_SOL': array([48723531.08594243, 60985241.33194935,  7266543.11108008,
       27562148.44963181, -6057486.99443405]), '013_A1_6_SGL': array([   50730.73612889,  7950766.97199454, 19968562.49014513,
       -9163364.77179659, -2013875.7279559 ]), '014_A1_0_FFF': array([-21276076.57150818,  -7623576.26561301,  -4425106.62244517,
        -1274247.63756249,  -1633092.85908341]), '017_A1_3_SGO': array([ 4690904.15504927, 15353208.50348997, 35555412.0011307 ,
       -1915504.06157625,  2595770.4685832 ]), '021_A1_0_FFF': array([-21240003.40567132,  -7217671.21737423,  -3564060.76017274,
        -1785318.05008314,  -1375089.36223208]), '023_A1_2_SOO': array([  560744.27123109, 14311889.48331625, 16525261.07670929,
       15149204.19098558,  3310823.57245979]), '019_A1_5_SGL': array([ 1.47935943e+04,  8.99537241e+06,  3.61548802e+07, -8.31839081e+06,
        2.74798939e+06]), '028_A2_1_OOO': array([ 1.56341310e+08, -9.34331396e+07, -2.70319290e+06,  2.25259503e+06,
        3.80545854e+06]), '025_A1_4_SOL': array([ 92575936.4954456 ,  68716398.06564967, -25008873.22071599,
        -8218150.332422  ,   7034842.12634254]), '029_A2_2_SOO': array([ 1666704.72727009, 14706955.91284866,  9558799.26205874,
        9451033.59450457, -1486085.57446045]), '031_A2_4_SOL': array([ 74966244.47011879,  60878940.89914733, -16171936.75001037,
        -6898268.5773782 ,   -349857.9225218 ]), '032_A2_5_SGL': array([  -544966.55110051,   6977516.72017444,  31010611.81313317,
       -14627249.88271775,  -4303460.1611935 ]), '048_A2_2_SOO': array([13935371.51513761, 18997180.03660218, -3313374.63497538,
        -345037.311962  , -1708166.43039587]), '049_A2_3_SGO': array([ 12677199.20252836,  14904606.3720214 ,  17196081.70655549,
       -13611226.20177051,  -7101613.8974399 ]), '045_A2_5_SGL': array([ 11131219.76096158,  14056372.64958247,  31987168.12822772,
       -20033825.37909609,  -8980140.46998629]), '050_A2_4_SOL': array([ 99834013.0448932 ,  62210738.27201699, -35785884.56110626,
       -10687159.88376796,   5869936.66117884]), '054_A2_1_OOO': array([ 1.37768902e+08, -1.03950933e+08,  1.08720988e+07,  4.15697563e+06,
       -5.04276471e+06]), '052_A2_6_SGL': array([ 32128890.80982572,  34699655.32330944,  -3030819.6858652 ,
        -2603815.14581622, -12526739.59203913]), '094_C1_3_SOL': array([-22808874.67703453,  -8756309.30494131,  -7890147.85370989,
          637523.26674139,    621937.35232419]), '097_C1_6_SGL': array([-22878762.17025028,  -9280915.85344667,  -8679393.38893185,
         1455929.36165653,   1625627.23061145]), '099_C1_2_SGO': array([-22724973.60649747,  -8797353.01423531,  -7900023.75413717,
          752567.20088546,     91179.56856277]), '100_C1_3_SOL': array([-22631048.03426885,  -8817891.42627499,  -7841608.36445496,
          830480.63860951,    372748.47999292]), '101_C1_4_SOL': array([-22898863.71332837,  -8773333.03147071,  -8156393.22527383,
          432769.75564929,   -840601.6689286 ]), '102_C1_5_SGL': array([-22889188.49543136,  -9026589.22897618,  -8375021.82842042,
         1072267.11434355,    733240.40674738]), '103_C1_6_SGL': array([-22632748.57182517,  -8826952.41820479,  -7943474.22937469,
          669945.03885621,   -178878.6531535 ]), '104_C1_1_SOO': array([-22346250.16020713,  -8717835.4985933 ,  -7571122.70607402,
          434034.98804776,   -519482.01025105]), '109_C1_6_SGL': array([-22307135.86309215,  -8825741.45792996,  -7916864.62707015,
          427866.79320141,  -1797508.37212751]), '111_C1_2_SGO': array([-22135040.80582423,  -8458182.71411778,  -7135813.43877523,
          163532.64047587,  -2650147.67486706]), '112_C1_3_SOL': array([-22504808.86833512,  -8782684.48498921,  -8121025.17174155,
          476207.91154162,  -2597282.09541232]), '113_C1_4_SOL': array([-22405760.02609694,  -8355722.51048737,  -7309091.50931212,
         -183229.4180432 ,  -3264001.76965384]), '114_C1_5_SGL': array([-2.24354284e+07, -8.41977973e+06, -7.27904288e+06,  1.70438359e+04,
       -2.09609514e+06]), '116_C1_0_FFF': array([-22682173.14311556,  -8954082.98798043,  -8186616.38614522,
          840624.51049062,    181717.35165098]), '117_C1_0_FFF': array([-22156544.25503494,  -8494617.69371055,  -7208795.27967618,
          726454.08993389,    -44171.37611983]), '118_C2_1_SOO': array([-22319675.68488378,  -8536496.45846787,  -7237069.1496097 ,
          232979.19327909,   -553178.4286582 ]), '119_C2_2_SGO': array([-22222031.67677641,  -8538588.86232209,  -7200228.48994205,
          223398.32972356,   -961170.99680572]), '120_C2_3_SOL': array([-22336834.68283824,  -8354808.68793208,  -6975279.3779491 ,
          -72289.71719803,  -1333189.9075736 ]), '121_C2_4_SOL': array([-22855603.3777942 ,  -8952097.69134353,  -8387290.2866829 ,
          851677.66392144,   -959216.1707115 ]), '122_C2_5_SGL': array([-22733923.60670739,  -8705953.01240558,  -7877993.27396038,
          403073.54766983,   -761054.9657505 ]), '123_C2_6_SGL': array([-22591221.92987127,  -8425105.1386244 ,  -7271968.8474218 ,
           49182.39930943,   -231996.54895924]), '124_C2_1_SOO': array([-22328050.43980694,  -8766849.39876828,  -7750345.54273962,
          833247.61852793,   -780738.45053952]), '125_C2_2_SGO': array([-22964846.07876286,  -9072118.22678861,  -8948446.71790913,
         1009993.48152457,  -2313541.71962285]), '126_C2_3_SOL': array([-22495885.72663461,  -8718286.64900889,  -7893273.64026501,
          442815.62373171,  -1767375.18651987]), '127_C2_4_SOL': array([-22297119.8499165 ,  -8485509.07526669,  -7154517.79088658,
          191634.59210278,  -1383328.34742508]), '129_C2_6_SGL': array([-22568947.01556399,  -8682583.45497158,  -7718778.94458233,
          376048.06757512,   -835583.81265972]), '128_C2_5_SGL': array([-22548258.75043938,  -8603885.48799981,  -7578858.91273822,
          296344.63354572,  -1386517.89424792])}, 'loadings': array([[-2.25994801e-04, -7.26895843e-05,  3.89613878e-05, ...,
        -2.57222801e-03, -2.58018774e-03, -2.61587313e-03],
       [ 1.62902470e-04,  1.87731012e-04,  2.08563092e-04, ...,
        -5.63804565e-04, -5.68908149e-04, -6.10946474e-04],
       [ 7.01625319e-04,  8.56965708e-04,  9.17346376e-04, ...,
        -2.05467101e-04, -2.08494745e-04, -2.77628668e-04],
       [ 7.64961895e-03,  6.94303270e-03,  6.14858901e-03, ...,
         5.94315629e-03,  6.03102220e-03,  6.02364366e-03],
       [ 8.83064949e-03,  7.62606007e-03,  6.86872494e-03, ...,
         3.34255739e-02,  3.32498016e-02,  3.41473897e-02]]), 'explained_variance': array([0.57303549, 0.27783078, 0.07557133, 0.02013209, 0.01007033])}
